2024-10-31T07:45:33+00:00 ERROR Error getting data feed
2024-10-31T07:45:33+00:00 ERROR WP_Error Object
(
    [errors] => Array
        (
            [http_request_failed] => Array
                (
                    [0] => cURL error 6: Couldn't resolve host 'woocommerce.com'
                )

        )

    [error_data] => Array
        (
        )

    [additional_data:protected] => Array
        (
        )

)
2024-10-31T07:45:42+00:00 ERROR Error getting data feed
2024-10-31T07:45:42+00:00 ERROR WP_Error Object
(
    [errors] => Array
        (
            [http_request_failed] => Array
                (
                    [0] => cURL error 6: Couldn't resolve host 'woocommerce.com'
                )

        )

    [error_data] => Array
        (
        )

    [additional_data:protected] => Array
        (
        )

)
2024-10-31T07:45:42+00:00 ERROR Error getting data feed
2024-10-31T07:45:42+00:00 ERROR WP_Error Object
(
    [errors] => Array
        (
            [http_request_failed] => Array
                (
                    [0] => cURL error 6: Couldn't resolve host 'woocommerce.com'
                )

        )

    [error_data] => Array
        (
        )

    [additional_data:protected] => Array
        (
        )

)
2024-10-31T07:45:42+00:00 ERROR Error getting data feed
2024-10-31T07:45:42+00:00 ERROR WP_Error Object
(
    [errors] => Array
        (
            [http_request_failed] => Array
                (
                    [0] => cURL error 6: Couldn't resolve host 'woocommerce.com'
                )

        )

    [error_data] => Array
        (
        )

    [additional_data:protected] => Array
        (
        )

)
2024-10-31T07:45:42+00:00 ERROR Error getting data feed
2024-10-31T07:45:42+00:00 ERROR WP_Error Object
(
    [errors] => Array
        (
            [http_request_failed] => Array
                (
                    [0] => cURL error 6: Couldn't resolve host 'woocommerce.com'
                )

        )

    [error_data] => Array
        (
        )

    [additional_data:protected] => Array
        (
        )

)
2024-10-31T07:45:42+00:00 ERROR Error getting data feed
2024-10-31T07:45:42+00:00 ERROR WP_Error Object
(
    [errors] => Array
        (
            [http_request_failed] => Array
                (
                    [0] => cURL error 6: Couldn't resolve host 'woocommerce.com'
                )

        )

    [error_data] => Array
        (
        )

    [additional_data:protected] => Array
        (
        )

)
2024-10-31T07:45:44+00:00 ERROR Error getting data feed
2024-10-31T07:45:44+00:00 ERROR WP_Error Object
(
    [errors] => Array
        (
            [http_request_failed] => Array
                (
                    [0] => cURL error 6: Couldn't resolve host 'woocommerce.com'
                )

        )

    [error_data] => Array
        (
        )

    [additional_data:protected] => Array
        (
        )

)
